<?xml version="1.0" encoding="UTF-8"?>
<!-- Generated by org.testng.reporters.JUnitXMLReporter -->
<testsuite ignored="0" hostname="DESKTOP-5S6O785" failures="1" tests="1" name="Test" time="19.137" errors="0" timestamp="06 Aug 2018 16:01:04 GMT">
  <testcase classname="selenium.Webdriver" name="tester" time="19.08">
    <failure type="java.io.FileNotFoundException" message="src\java\Get.properties (The system cannot find the path specified)">
      <![CDATA[java.io.FileNotFoundException: src\java\Get.properties (The system cannot find the path specified)
at java.base/java.io.FileInputStream.open0(Native Method)
at java.base/java.io.FileInputStream.open(Unknown Source)
at java.base/java.io.FileInputStream.<init>(Unknown Source)
at java.base/java.io.FileInputStream.<init>(Unknown Source)
at selenium.ObjectRepository.getObjectProperties(ObjectRepository.java:13)
at selenium.Webdriver.tester(Webdriver.java:25)
... Removed 25 stack frames]]>
    </failure>
  </testcase> <!-- tester -->
</testsuite> <!-- Test -->
